c:\users\christofer\documents\github\adv_c\adv._c++_uppg\string\debug\vc140.pdb
c:\users\christofer\documents\github\adv_c\adv._c++_uppg\string\debug\vc140.idb
c:\users\christofer\documents\github\adv_c\adv._c++_uppg\string\debug\source.obj
c:\users\christofer\documents\github\adv_c\adv._c++_uppg\string\debug\string.obj
c:\users\chris_000\documents\github\adv_c\adv._c++_uppg\string\debug\vc140.pdb
c:\users\chris_000\documents\github\adv_c\adv._c++_uppg\string\debug\vc140.idb
c:\users\chris_000\documents\github\adv_c\adv._c++_uppg\string\debug\source.obj
c:\users\chris_000\documents\github\adv_c\adv._c++_uppg\string\debug\string.obj
c:\users\christofer\documents\github\adv_c\adv._c++_uppg\debug\string.ilk
c:\users\christofer\documents\github\adv_c\adv._c++_uppg\debug\string.exe
c:\users\christofer\documents\github\adv_c\adv._c++_uppg\debug\string.pdb
c:\users\chris_000\documents\github\adv_c\adv._c++_uppg\debug\string.ilk
c:\users\chris_000\documents\github\adv_c\adv._c++_uppg\debug\string.exe
c:\users\chris_000\documents\github\adv_c\adv._c++_uppg\debug\string.pdb
c:\users\chris_000\documents\github\adv_c\adv._c++_uppg\string\debug\string.tlog\cl.command.1.tlog
c:\users\chris_000\documents\github\adv_c\adv._c++_uppg\string\debug\string.tlog\cl.read.1.tlog
c:\users\chris_000\documents\github\adv_c\adv._c++_uppg\string\debug\string.tlog\cl.write.1.tlog
c:\users\chris_000\documents\github\adv_c\adv._c++_uppg\string\debug\string.tlog\link.command.1.tlog
c:\users\chris_000\documents\github\adv_c\adv._c++_uppg\string\debug\string.tlog\link.delete.1.tlog
c:\users\chris_000\documents\github\adv_c\adv._c++_uppg\string\debug\string.tlog\link.read.1.tlog
c:\users\chris_000\documents\github\adv_c\adv._c++_uppg\string\debug\string.tlog\link.write.1.tlog
