Build started 2017-03-24 13:18:42.
     1>Project "C:\Users\chris_000\Documents\GitHub\Adv_c\Adv._c++_uppg\RationalNumbers\RationalNumbers.vcxproj" on node 2 (Build target(s)).
     1>ClCompile:
         C:\Program Files (x86)\Microsoft Visual Studio 14.0\VC\bin\CL.exe /c /ZI /nologo /W3 /WX- /sdl /Od /Oy- /D _MBCS /Gm /EHsc /RTC1 /MDd /GS /fp:precise /Zc:wchar_t /Zc:forScope /Zc:inline /Fo"Debug\\" /Fd"Debug\vc140.pdb" /Gd /TP /analyze- /errorReport:prompt RatTest.cpp Rational.cpp
         RatTest.cpp
     1>c:\users\chris_000\documents\github\adv_c\adv._c++_uppg\rationalnumbers\rational.h(67): warning C4244: 'return': conversion from '__int64' to 'int', possible loss of data
         c:\users\chris_000\documents\github\adv_c\adv._c++_uppg\rationalnumbers\rational.h(67): note: while compiling class template member function 'Rational<__int64>::operator int(void)'
         c:\users\chris_000\documents\github\adv_c\adv._c++_uppg\rationalnumbers\rattest.cpp(55): note: see reference to function template instantiation 'Rational<__int64>::operator int(void)' being compiled
         c:\users\chris_000\documents\github\adv_c\adv._c++_uppg\rationalnumbers\rattest.cpp(17): note: see reference to class template instantiation 'Rational<__int64>' being compiled
     1>c:\users\chris_000\documents\github\adv_c\adv._c++_uppg\rationalnumbers\rational.h(27): warning C4244: 'initializing': conversion from '__int64' to 'short', possible loss of data
         c:\users\chris_000\documents\github\adv_c\adv._c++_uppg\rationalnumbers\rattest.cpp(33): note: see reference to function template instantiation 'Rational<short>::Rational<__int64>(Rational<__int64>)' being compiled
         c:\users\chris_000\documents\github\adv_c\adv._c++_uppg\rationalnumbers\rattest.cpp(33): note: see reference to function template instantiation 'Rational<short>::Rational<__int64>(Rational<__int64>)' being compiled
         Generating Code...
         Skipping... (no relevant changes detected)
         Rational.cpp
       Link:
         C:\Program Files (x86)\Microsoft Visual Studio 14.0\VC\bin\link.exe /ERRORREPORT:PROMPT /OUT:"C:\Users\chris_000\Documents\GitHub\Adv_c\Adv._c++_uppg\Debug\RationalNumbers.exe" /INCREMENTAL /NOLOGO kernel32.lib user32.lib gdi32.lib winspool.lib comdlg32.lib advapi32.lib shell32.lib ole32.lib oleaut32.lib uuid.lib odbc32.lib odbccp32.lib /MANIFEST /MANIFESTUAC:"level='asInvoker' uiAccess='false'" /manifest:embed /Debug /PDB:"C:\Users\chris_000\Documents\GitHub\Adv_c\Adv._c++_uppg\Debug\RationalNumbers.pdb" /TLBID:1 /DYNAMICBASE /NXCOMPAT /IMPLIB:"C:\Users\chris_000\Documents\GitHub\Adv_c\Adv._c++_uppg\Debug\RationalNumbers.lib" /MACHINE:X86 Debug\Rational.obj
         Debug\RatTest.obj
         Debug\Source.obj
         RationalNumbers.vcxproj -> C:\Users\chris_000\Documents\GitHub\Adv_c\Adv._c++_uppg\Debug\RationalNumbers.exe
     1>Done Building Project "C:\Users\chris_000\Documents\GitHub\Adv_c\Adv._c++_uppg\RationalNumbers\RationalNumbers.vcxproj" (Build target(s)).

Build succeeded.

Time Elapsed 00:00:03.43
